<?xml version="1.0" encoding="UTF-8"?>
<testng-results skipped="0" failed="0" ignored="0" total="1" passed="1">
  <reporter-output>
  </reporter-output>
  <suite name="Suite" duration-ms="18131" started-at="2022-08-22T15:56:30 UTC" finished-at="2022-08-22T15:56:48 UTC">
    <groups>
      <group name="cucumber">
        <method signature="AbstractTestNGCucumberTests.runScenario(io.cucumber.testng.PickleWrapper,io.cucumber.testng.FeatureWrapper)[pri:0, instance:com.swiggy.testscripts.TestRunner@7dc222ae]" name="runScenario" class="io.cucumber.testng.AbstractTestNGCucumberTests"/>
      </group> <!-- cucumber -->
    </groups>
    <test name="Test" duration-ms="18131" started-at="2022-08-22T15:56:30 UTC" finished-at="2022-08-22T15:56:48 UTC">
      <class name="com.swiggy.testscripts.TestRunner">
        <test-method status="PASS" signature="setUpClass(org.testng.ITestContext)[pri:0, instance:com.swiggy.testscripts.TestRunner@7dc222ae]" name="setUpClass" is-config="true" duration-ms="534" started-at="2022-08-22T15:56:30 UTC" finished-at="2022-08-22T15:56:31 UTC">
          <params>
            <param index="0">
              <value>
                <![CDATA[org.testng.TestRunner@4441d567]]>
              </value>
            </param>
          </params>
          <reporter-output>
          </reporter-output>
        </test-method> <!-- setUpClass -->
        <test-method status="PASS" signature="runScenario(io.cucumber.testng.PickleWrapper,io.cucumber.testng.FeatureWrapper)[pri:0, instance:com.swiggy.testscripts.TestRunner@7dc222ae]" name="runScenario" duration-ms="17486" started-at="2022-08-22T15:56:31 UTC" description="Runs Cucumber Scenarios" data-provider="scenarios" finished-at="2022-08-22T15:56:48 UTC">
          <params>
            <param index="0">
              <value>
                <![CDATA["Order food from swiggy"]]>
              </value>
            </param>
            <param index="1">
              <value>
                <![CDATA["Swiggy Food Order"]]>
              </value>
            </param>
          </params>
          <reporter-output>
          </reporter-output>
        </test-method> <!-- runScenario -->
        <test-method status="PASS" signature="tearDownClass()[pri:0, instance:com.swiggy.testscripts.TestRunner@7dc222ae]" name="tearDownClass" is-config="true" duration-ms="75" started-at="2022-08-22T15:56:48 UTC" finished-at="2022-08-22T15:56:48 UTC">
          <reporter-output>
          </reporter-output>
        </test-method> <!-- tearDownClass -->
      </class> <!-- com.swiggy.testscripts.TestRunner -->
    </test> <!-- Test -->
  </suite> <!-- Suite -->
</testng-results>
